<?xml version="1.0" encoding="UTF-8"?>
<!-- Generated by org.testng.reporters.JUnitReportReporter -->
<testsuite hostname="Focus-QA-4" name="com.focus.testcases.HomeMenuSecurityPasswordPolicyTest" tests="28" failures="0" timestamp="24 May 2019 07:25:21 GMT" time="25.495" errors="0">
  <testcase name="verifySaveAlphaNumericSpecialPasswordPolicyC" time="0.603" classname="com.focus.testcases.HomeMenuSecurityPasswordPolicyTest"/>
  <testcase name="verifyCloseBtnAffterAddingAllPasswordPolicy" time="4.421" classname="com.focus.testcases.HomeMenuSecurityPasswordPolicyTest"/>
  <testcase name="verifyPasswordPolicyAlertOnDelete" time="3.235" classname="com.focus.testcases.HomeMenuSecurityPasswordPolicyTest"/>
  <testcase name="verifySaveAlphaNumericPasswordPolicyC" time="0.619" classname="com.focus.testcases.HomeMenuSecurityPasswordPolicyTest"/>
  <testcase name="verifySaveAlphabetsWithDoNotAllowPreviousPasswordPolicyC" time="0.817" classname="com.focus.testcases.HomeMenuSecurityPasswordPolicyTest"/>
  <testcase name="verifyPasswordPolicyCloseBtn" time="4.477" classname="com.focus.testcases.HomeMenuSecurityPasswordPolicyTest"/>
  <testcase name="verifyValidEmailOnSucessPasswordPolicyC" time="0.587" classname="com.focus.testcases.HomeMenuSecurityPasswordPolicyTest"/>
  <testcase name="verifySaveCannotChangePasswordPolicyC" time="0.921" classname="com.focus.testcases.HomeMenuSecurityPasswordPolicyTest"/>
  <testcase name="verifySaveNumericPasswordPolicyC" time="0.524" classname="com.focus.testcases.HomeMenuSecurityPasswordPolicyTest"/>
  <testcase name="verifyPasswordPolicyNameAsMandatory" time="0.254" classname="com.focus.testcases.HomeMenuSecurityPasswordPolicyTest"/>
  <testcase name="verifyDeletedPasswordPolicyClickOnCancelInAlert" time="0.142" classname="com.focus.testcases.HomeMenuSecurityPasswordPolicyTest"/>
  <testcase name="verifyPasswordPolicy" time="1.736" classname="com.focus.testcases.HomeMenuSecurityPasswordPolicyTest"/>
  <testcase name="verifySaveAlphaNumericStarPasswordPolicyC" time="0.673" classname="com.focus.testcases.HomeMenuSecurityPasswordPolicyTest"/>
  <testcase name="verifyPasswordPolicySavedPolicyOrNot" time="0.198" classname="com.focus.testcases.HomeMenuSecurityPasswordPolicyTest"/>
  <testcase name="verifySaveAlphaNumericSpecialStarAndCheckLockoutPasswordPolicyC" time="0.279" classname="com.focus.testcases.HomeMenuSecurityPasswordPolicyTest"/>
  <testcase name="verifyTheSavingPasswordPolicySimpleComplex" time="0.197" classname="com.focus.testcases.HomeMenuSecurityPasswordPolicyTest"/>
  <testcase name="verifyValidEmailPasswordPolicyC" time="0.340" classname="com.focus.testcases.HomeMenuSecurityPasswordPolicyTest"/>
  <testcase name="verifyDeletedPasswordPolicyClickOnOkInAlert" time="0.224" classname="com.focus.testcases.HomeMenuSecurityPasswordPolicyTest"/>
  <testcase name="verifySaveSimplePasswordPolicyC" time="0.534" classname="com.focus.testcases.HomeMenuSecurityPasswordPolicyTest"/>
  <testcase name="verifyInputAlphaNumericSpecialStarAndCheckLockoutPasswordPolicyC" time="1.150" classname="com.focus.testcases.HomeMenuSecurityPasswordPolicyTest"/>
  <testcase name="verifySaveWithAllOptionsPasswordPolicyC" time="1.156" classname="com.focus.testcases.HomeMenuSecurityPasswordPolicyTest"/>
  <testcase name="verifyPasswordPolicyPasswordLengthAsNumeric" time="0.134" classname="com.focus.testcases.HomeMenuSecurityPasswordPolicyTest"/>
  <testcase name="verifyCancelBtnInPasswordolicy" time="0.511" classname="com.focus.testcases.HomeMenuSecurityPasswordPolicyTest"/>
  <testcase name="verifyPasswordPolicyUpdatingPolicy" time="0.354" classname="com.focus.testcases.HomeMenuSecurityPasswordPolicyTest"/>
  <testcase name="verifyValidEmailOnFailurePasswordPolicyC" time="0.604" classname="com.focus.testcases.HomeMenuSecurityPasswordPolicyTest"/>
  <testcase name="verifyPasswordPolicyPasswordLengthAsMandatory" time="0.279" classname="com.focus.testcases.HomeMenuSecurityPasswordPolicyTest"/>
  <testcase name="verifyPasswordPolicyListAfterSaving" time="0.122" classname="com.focus.testcases.HomeMenuSecurityPasswordPolicyTest"/>
  <testcase name="verifyPasswordPolicyComplexity" time="0.404" classname="com.focus.testcases.HomeMenuSecurityPasswordPolicyTest"/>
</testsuite> <!-- com.focus.testcases.HomeMenuSecurityPasswordPolicyTest -->
