<?xml version="1.0" encoding="UTF-8"?>
<!-- Generated by org.testng.reporters.JUnitReportReporter -->
<testsuite hostname="FOCUS-QA-118" name="com.focus.testcases.LoginPageTest" tests="2" failures="0" timestamp="28 Dec 2022 17:07:09 GMT" time="106.091" errors="0">
  <testcase name="checkRestoreVouchersPrintcompany" time="40.218" classname="com.focus.testcases.LoginPageTest"/>
  <testcase name="checkLoginAfterRestoring" time="65.873" classname="com.focus.testcases.LoginPageTest"/>
</testsuite> <!-- com.focus.testcases.LoginPageTest -->
