<?xml version="1.0" encoding="UTF-8"?>
<!-- Generated by org.testng.reporters.JUnitReportReporter -->
<testsuite hostname="FOCUS-QA-118" name="com.focus.testcases.URLBrowserTest" tests="2" failures="0" timestamp="29 Dec 2022 06:36:17 GMT" time="16.207" errors="0">
  <testcase name="checkLoginPageTitleByURLInputInBrowser" time="6.119" classname="com.focus.testcases.URLBrowserTest"/>
  <testcase name="verifyBrowserOpen" time="10.088" classname="com.focus.testcases.URLBrowserTest"/>
</testsuite> <!-- com.focus.testcases.URLBrowserTest -->
