<?xml version="1.0" encoding="UTF-8"?>
<!-- Generated by org.testng.reporters.JUnitReportReporter -->
<testsuite hostname="Focus-QA-4" name="com.focus.testcases.LoginPageTest" tests="2" failures="0" timestamp="17 Jun 2019 10:08:26 GMT" time="14.253" errors="0">
  <testcase name="enterUrl" time="13.817" classname="com.focus.testcases.LoginPageTest"/>
  <testcase name="verifyTheAvaibilityOfFieldsInLoginScreen" time="0.436" classname="com.focus.testcases.LoginPageTest"/>
</testsuite> <!-- com.focus.testcases.LoginPageTest -->
