<?xml version="1.0" encoding="UTF-8"?>
<!-- Generated by org.testng.reporters.JUnitReportReporter -->
<testsuite hostname="Focus-QA-4" name="com.focus.testcases.LoginPageTest" tests="1" failures="0" timestamp="18 Apr 2019 08:56:33 GMT" time="21.441" errors="0">
  <testcase name="enterUrlAndVerifyTheAvailabilityOfFields" time="21.441" classname="com.focus.testcases.LoginPageTest"/>
</testsuite> <!-- com.focus.testcases.LoginPageTest -->
